<?xml version="1.0" encoding="UTF-8" ?>
<testsuite tests="2" failures="1" name="testkhachhang" time="1.051" errors="0" skipped="0">
  <properties>
[...]
</properties>
  <testcase classname="testkhachhang" name="testkhachhang.testLogin" time="0.906"/>
  <testcase classname="testkhachhang" name="testkhachhang.testRegister" time="0.145">
    <failure message="expected: &lt;1&gt; but was: &lt;4&gt;" type="org.opentest4j.AssertionFailedError">org.opentest4j.AssertionFailedError: expected: &lt;1&gt; but was: &lt;4&gt;
	at org.junit.jupiter.api.AssertionUtils.fail(AssertionUtils.java:55)
	at org.junit.jupiter.api.AssertionUtils.failNotEqual(AssertionUtils.java:62)
	at org.junit.jupiter.api.AssertEquals.assertEquals(AssertEquals.java:150)
	at org.junit.jupiter.api.AssertEquals.assertEquals(AssertEquals.java:145)
	at org.junit.jupiter.api.Assertions.assertEquals(Assertions.java:511)
	at testkhachhang.testRegister(testkhachhang.java:52)
</failure>
  </testcase>
</testsuite>